

 Autodesk (R) Simulation Static Stress with Linear Material Models
 Version 2013.00.00.0411-W64/X64 28-Feb-2012
 Copyright (c) 2012, Autodesk, Inc. All rights reserved. 

 
                          DATE: SEPTEMBER 16, 2013            
                          TIME: 05:15 PM
                   INPUT MODEL: C:\Users\Ian\Documents\Inventor\xyPartStorage\stepper\Mounted NEMA-17 v2.ds_data\1\ds

               PROGRAM VERSION: 201300000411
       alg-win-x64.dll VERSION: 201300000411
  agsdb_ar-win-x64.dll VERSION: 201300000411
 algconfig-win-x64.dll VERSION: 201300000411
          algsolve.exe VERSION:            0
          amgsolve.exe VERSION:    360000000
 
 **** Linear stress analysis
 **** Nodes    | Parts | Loads | Freqs | Mode
          19786|      7|      1|      0|    0

 **** Model Unit System Settings:
      --------------------------------------------
       Unit System              : English (in)
       Force                    : lbf
       Length                   : in
       Time                     : s
       Temperature (Absolute)   : deg F (R)
       Thermal Energy           : in*lbf
       Voltage                  : V
       Current                  : A
       Electrical Resistance    : ohm
       Mass                     : lbf*s^2/in
      --------------------------------------------

  
      Options executed are: 
  
      NOMIN
      STRAIN
      SPARSE
      SUPCNF
      SUPELM
      SUPNOD
      REAC
  
  
      processing ... 
  
 **** OPENING TEMPORARY FILES
      NDYN = 0 
 **** BEGIN NODAL DATA INPUT
      19786 NODES
      59358 DOFS               
 **** END   NODAL DATA INPUT
 
 **** Begin brick element (TYPE-8) data input
 **** Part      1 containing      8613 elements
                                                 
 **** End input of element part      1

 **** Begin brick element (TYPE-8) data input
 **** Part      2 containing      1509 elements
                                                 
 **** End input of element part      2

 **** Begin brick element (TYPE-8) data input
 **** Part      3 containing      1442 elements
                                                 
 **** End input of element part      3

 **** Begin brick element (TYPE-8) data input
 **** Part      4 containing      1555 elements
                                                 
 **** End input of element part      4

 **** Begin brick element (TYPE-8) data input
 **** Part      5 containing      1851 elements
                                                 
 **** End input of element part      5

 **** Begin brick element (TYPE-8) data input
 **** Part      6 containing      6392 elements
                                                 
 **** End input of element part      6

 **** Begin brick element (TYPE-8) data input
 **** Part      7 containing     10538 elements
                                                 
 **** End input of element part      7

 **** Hard disk file size information for processor:

      Available hard disk space on current drive =1084996.500 megabytes


 
 **** BEGIN LOAD INPUT
      Gravity direction vector =  0.0000E+00  0.0000E+00 -1.0000E+00
      One load case in 4 blocks.
 **** END   LOAD INPUT

 **** Symbolic Assembly Using the Row-Hits Matrix Profile ...
 **** Number of equations                 = 59358
      Estimated maximum bandwidth         = 1859
      Estimated triangle matrix nonzeroes = 8460114
      Symbolically assembled nonzeros     = 1888278
 **** Real Sparse Matrix Assembly ...
      in the upper triangle:
      number of entries in the profile    = 8460114
      number of nonzeros                  = 1888271

 **** Sparse Matrix Assembled

 **** Invoking Parallel BCSLIB-EXT Sparse Solver...
 
 **** Load Cases 1
 **** End Sparse Solver Solution
 
 **** BEGIN DISPLACEMENT OUTPUT
 **** PRINT OF DISPLACEMENT OUTPUT SUPPRESSED
 **** END   DISPLACEMENT OUTPUT
 
 **** BEGINNING REACTION COMPUTATIONS
 **** LOADCASES REMAINING      1 
 **** PARTS REMAINING       7 
 **** ELEMENT/GLOBAL CONTRIBUTIONS Part = 1 
      THE 1st PART CONTAINING 8613 ELEMENTS
                                                 
 **** PARTS REMAINING       6 
 **** ELEMENT/GLOBAL CONTRIBUTIONS Part = 2 
      THE 2nd PART CONTAINING 1509 ELEMENTS
                                                 
 **** PARTS REMAINING       5 
 **** ELEMENT/GLOBAL CONTRIBUTIONS Part = 3 
      THE 3rd PART CONTAINING 1442 ELEMENTS
                                                 
 **** PARTS REMAINING       4 
 **** ELEMENT/GLOBAL CONTRIBUTIONS Part = 4 
      THE 4th PART CONTAINING 1555 ELEMENTS
                                                 
 **** PARTS REMAINING       3 
 **** ELEMENT/GLOBAL CONTRIBUTIONS Part = 5 
      THE 5th PART CONTAINING 1851 ELEMENTS
                                                 
 **** PARTS REMAINING       2 
 **** ELEMENT/GLOBAL CONTRIBUTIONS Part = 6 
      THE 6th PART CONTAINING 6392 ELEMENTS
                                                 
 **** PARTS REMAINING       1 
 **** ELEMENT/GLOBAL CONTRIBUTIONS Part = 7 
      THE 7th PART CONTAINING 10538 ELEMENTS
                                                 
 **** ENDING REACTION COMPUTATIONS

      Processing completed ... 

 
      ds.t7    =     463.750 kilobytes
      ds.t8    =     927.574 kilobytes
      ds.t9    =       0.000 kilobytes
      ds.t10   =       0.000 kilobytes
      ds.t11   =       0.000 kilobytes
      ds.t12   =     463.734 kilobytes
      ds.t13   =     463.781 kilobytes
      ds.t14   =       0.000 kilobytes
      ds.t15   =       0.000 kilobytes
      ds.t17   =       0.000 kilobytes
      ds.t50   =   48099.219 kilobytes
      ds.t51   =    3987.500 kilobytes
      ds.t52   =   75014.844 kilobytes
      ds.t54   =     231.891 kilobytes
      ds.t55   =    7376.059 kilobytes
      ds.t56   =   14752.117 kilobytes
      ds.t57   =       0.000 kilobytes
      ds.t58   =       0.000 kilobytes
      ds.t59   =       0.000 kilobytes
 
      total temporary disk storage (megabytes) = 148.223 
 
      ds.l     =      13.530 kilobytes
      ds.do    =     927.516 kilobytes
 
 **** BEGIN DELETING TEMPORARY FILES
 **** TEMPORARY FILES DELETED
 **** END OF SUCCESSFUL EXECUTION
 
 

 **** Total actual hard disk space used    =    149.142 megabytes

      Sub-total elapsed time               =      0.116 minutes



 Autodesk (R) Simulation Stress Calculation Utility
 Version 2013.00.00.0411-W64/X64 28-Feb-2012
 Copyright (c) 2012, Autodesk, Inc. All rights reserved. 


      DATE: SEPTEMBER 16, 2013            
      TIME: 05:15 PM
      INPUT......C:\Users\Ian\Documents\Inventor\xyPartStorage\stepper\Mounted NEMA-17 v2.ds_data\1\ds 

 **** Model Unit System Settings:
      --------------------------------------------
       Unit System              : English (in)
       Force                    : lbf
       Length                   : in
       Time                     : s
       Temperature (Absolute)   : deg F (R)
       Thermal Energy           : in*lbf
       Voltage                  : V
       Current                  : A
       Electrical Resistance    : ohm
       Mass                     : lbf*s^2/in
      --------------------------------------------


 **** START PROCESSING ELEMENTS 

 **** BEGIN PART   1 TYPE( 8) ELEMENTS
      8613 ELEMENTS
                                                 
 **** BEGIN PART   2 TYPE( 8) ELEMENTS
      1509 ELEMENTS
                                                 
 **** BEGIN PART   3 TYPE( 8) ELEMENTS
      1442 ELEMENTS
                                                 
 **** BEGIN PART   4 TYPE( 8) ELEMENTS
      1555 ELEMENTS
                                                 
 **** BEGIN PART   5 TYPE( 8) ELEMENTS
      1851 ELEMENTS
                                                 
 **** BEGIN PART   6 TYPE( 8) ELEMENTS
      6392 ELEMENTS
                                                 
 **** BEGIN PART   7 TYPE( 8) ELEMENTS
      10538 ELEMENTS
                                                 

 **** FINISHED PROCESSING ELEMENTS 

 **** Hard disk file size information for postprocessor:
      ds.nso   =    8972.109 kilobytes
      ds.sto   =    8972.109 kilobytes

      Total MKNSO disk space used        =    17.52365 megabytes
 **** MKNSO elapsed time                 =       0.031 minutes

 **** The TOTAL elapsed time             =       0.147 minutes

 
